<?xml version="1.0" encoding="UTF-8"?>
<!-- Generated by org.testng.reporters.JUnitXMLReporter -->
<testsuite ignored="2" hostname="LAPTOP-V4H52QRD" failures="0" tests="2" name="Test" time="0.162" errors="0" timestamp="09 May 2021 00:10:24 GMT">
  <testcase classname="com.testcaserepo.createorg" name="createorgnization" time="0.018"/>
  <testcase classname="com.testcaserepo.validatenewOrg" name="validateneworg" time="0.007"/>
  <testcase classname="com.genericrepo.Baseclass" name="@BeforeSuite Bs" time="0.0">
    <ignored/>
  </testcase> <!-- @BeforeSuite Bs -->
  <testcase classname="com.genericrepo.Baseclass" name="@AfterSuite as" time="0.0">
    <ignored/>
  </testcase> <!-- @AfterSuite as -->
</testsuite> <!-- Test -->
