<?xml version="1.0" encoding="UTF-8"?>
<testng-results ignored="2" total="4" passed="2" failed="0" skipped="0">
  <reporter-output>
  </reporter-output>
  <suite started-at="2021-05-09T00:10:23Z" name="Suite" finished-at="2021-05-09T00:10:23Z" duration-ms="162">
    <groups>
      <group name="regressiontest">
        <method signature="createorg.createorgnization()[pri:0, instance:com.testcaserepo.createorg@2421cc4]" name="createorgnization" class="com.testcaserepo.createorg"/>
        <method signature="validatenewOrg.validateneworg()[pri:0, instance:com.testcaserepo.validatenewOrg@b4711e2]" name="validateneworg" class="com.testcaserepo.validatenewOrg"/>
      </group> <!-- regressiontest -->
      <group name="integration">
        <method signature="createorg.createorgnization()[pri:0, instance:com.testcaserepo.createorg@2421cc4]" name="createorgnization" class="com.testcaserepo.createorg"/>
      </group> <!-- integration -->
      <group name="smoke">
        <method signature="createorg.createorgnization()[pri:0, instance:com.testcaserepo.createorg@2421cc4]" name="createorgnization" class="com.testcaserepo.createorg"/>
        <method signature="validatenewOrg.validateneworg()[pri:0, instance:com.testcaserepo.validatenewOrg@b4711e2]" name="validateneworg" class="com.testcaserepo.validatenewOrg"/>
      </group> <!-- smoke -->
    </groups>
    <test started-at="2021-05-09T00:10:23Z" name="Test" finished-at="2021-05-09T00:10:23Z" duration-ms="162">
      <class name="com.testcaserepo.validatenewOrg">
        <test-method is-config="true" signature="Bc()[pri:0, instance:com.testcaserepo.validatenewOrg@b4711e2]" started-at="2021-05-09T00:10:23Z" name="Bc" finished-at="2021-05-09T00:10:23Z" duration-ms="10" status="PASS">
          <reporter-output>
          </reporter-output>
        </test-method> <!-- Bc -->
        <test-method is-config="true" signature="Bm()[pri:0, instance:com.testcaserepo.validatenewOrg@b4711e2]" started-at="2021-05-09T00:10:23Z" name="Bm" finished-at="2021-05-09T00:10:23Z" duration-ms="2" status="PASS">
          <reporter-output>
          </reporter-output>
        </test-method> <!-- Bm -->
        <test-method signature="validateneworg()[pri:0, instance:com.testcaserepo.validatenewOrg@b4711e2]" started-at="2021-05-09T00:10:23Z" name="validateneworg" finished-at="2021-05-09T00:10:23Z" duration-ms="7" status="PASS">
          <reporter-output>
          </reporter-output>
        </test-method> <!-- validateneworg -->
        <test-method is-config="true" signature="am()[pri:0, instance:com.testcaserepo.validatenewOrg@b4711e2]" started-at="2021-05-09T00:10:23Z" name="am" finished-at="2021-05-09T00:10:23Z" duration-ms="1" status="PASS">
          <reporter-output>
          </reporter-output>
        </test-method> <!-- am -->
        <test-method is-config="true" signature="ac()[pri:0, instance:com.testcaserepo.validatenewOrg@b4711e2]" started-at="2021-05-09T00:10:23Z" name="ac" finished-at="2021-05-09T00:10:23Z" duration-ms="1" status="PASS">
          <reporter-output>
          </reporter-output>
        </test-method> <!-- ac -->
      </class> <!-- com.testcaserepo.validatenewOrg -->
      <class name="com.testcaserepo.createorg">
        <test-method is-config="true" signature="Bs()[pri:0, instance:com.testcaserepo.createorg@2421cc4]" started-at="2021-05-09T00:10:23Z" name="Bs" finished-at="2021-05-09T00:10:23Z" duration-ms="39" status="PASS">
          <reporter-output>
          </reporter-output>
        </test-method> <!-- Bs -->
        <test-method is-config="true" signature="Bc()[pri:0, instance:com.testcaserepo.createorg@2421cc4]" started-at="2021-05-09T00:10:23Z" name="Bc" finished-at="2021-05-09T00:10:23Z" duration-ms="1" status="PASS">
          <reporter-output>
          </reporter-output>
        </test-method> <!-- Bc -->
        <test-method is-config="true" signature="Bm()[pri:0, instance:com.testcaserepo.createorg@2421cc4]" started-at="2021-05-09T00:10:23Z" name="Bm" finished-at="2021-05-09T00:10:23Z" duration-ms="1" status="PASS">
          <reporter-output>
          </reporter-output>
        </test-method> <!-- Bm -->
        <test-method signature="createorgnization()[pri:0, instance:com.testcaserepo.createorg@2421cc4]" started-at="2021-05-09T00:10:23Z" name="createorgnization" finished-at="2021-05-09T00:10:23Z" duration-ms="18" status="PASS">
          <reporter-output>
          </reporter-output>
        </test-method> <!-- createorgnization -->
        <test-method is-config="true" signature="am()[pri:0, instance:com.testcaserepo.createorg@2421cc4]" started-at="2021-05-09T00:10:23Z" name="am" finished-at="2021-05-09T00:10:23Z" duration-ms="1" status="PASS">
          <reporter-output>
          </reporter-output>
        </test-method> <!-- am -->
        <test-method is-config="true" signature="ac()[pri:0, instance:com.testcaserepo.createorg@2421cc4]" started-at="2021-05-09T00:10:23Z" name="ac" finished-at="2021-05-09T00:10:23Z" duration-ms="3" status="PASS">
          <reporter-output>
          </reporter-output>
        </test-method> <!-- ac -->
        <test-method is-config="true" signature="as()[pri:0, instance:com.testcaserepo.createorg@2421cc4]" started-at="2021-05-09T00:10:24Z" name="as" finished-at="2021-05-09T00:10:24Z" duration-ms="1" status="PASS">
          <reporter-output>
          </reporter-output>
        </test-method> <!-- as -->
      </class> <!-- com.testcaserepo.createorg -->
    </test> <!-- Test -->
  </suite> <!-- Suite -->
</testng-results>
